# JRE version: OpenJDK Runtime Environment (11.0.8+10) (build 11.0.8+10-b944.6842174)
# Java VM: OpenJDK 64-Bit Server VM (11.0.8+10-b944.6842174, mixed mode, tiered, compressed oops, g1 gc, windows-amd64)
Heap:
 garbage-first heap   total 212992K, used 170104K [0x0000000080000000, 0x0000000100000000)
  region size 1024K, 8 young (8192K), 3 survivors (3072K)
 Metaspace       used 146223K, capacity 150168K, committed 150528K, reserved 1179648K
  class space    used 18273K, capacity 19590K, committed 19712K, reserved 1048576K
GC Heap History (20 events):
Event: 840.650 GC heap before
{Heap before GC invocations=63 (full 0):
 garbage-first heap   total 212992K, used 182070K [0x0000000080000000, 0x0000000100000000)
  region size 1024K, 37 young (37888K), 3 survivors (3072K)
 Metaspace       used 125548K, capacity 129091K, committed 129408K, reserved 1161216K
  class space    used 15493K, capacity 16670K, committed 16768K, reserved 1048576K
}
Event: 840.662 GC heap after
{Heap after GC invocations=64 (full 0):
 garbage-first heap   total 212992K, used 149671K [0x0000000080000000, 0x0000000100000000)
  region size 1024K, 5 young (5120K), 5 survivors (5120K)
 Metaspace       used 125548K, capacity 129091K, committed 129408K, reserved 1161216K
  class space    used 15493K, capacity 16670K, committed 16768K, reserved 1048576K
}
Event: 841.235 GC heap before
{Heap before GC invocations=64 (full 0):
 garbage-first heap   total 212992K, used 182439K [0x0000000080000000, 0x0000000100000000)
  region size 1024K, 38 young (38912K), 5 survivors (5120K)
 Metaspace       used 129786K, capacity 133367K, committed 133504K, reserved 1165312K
  class space    used 15969K, capacity 17158K, committed 17280K, reserved 1048576K
}
Event: 841.243 GC heap after
{Heap after GC invocations=65 (full 0):
 garbage-first heap   total 212992K, used 150191K [0x0000000080000000, 0x0000000100000000)
  region size 1024K, 3 young (3072K), 3 survivors (3072K)
 Metaspace       used 129786K, capacity 133367K, committed 133504K, reserved 1165312K
  class space    used 15969K, capacity 17158K, committed 17280K, reserved 1048576K
}
Event: 841.892 GC heap before
{Heap before GC invocations=65 (full 0):
 garbage-first heap   total 212992K, used 182959K [0x0000000080000000, 0x0000000100000000)
  region size 1024K, 36 young (36864K), 3 survivors (3072K)
 Metaspace       used 132585K, capacity 136200K, committed 136320K, reserved 1167360K
  class space    used 16332K, capacity 17524K, committed 17536K, reserved 1048576K
}
Event: 841.900 GC heap after
{Heap after GC invocations=66 (full 0):
 garbage-first heap   total 212992K, used 152827K [0x0000000080000000, 0x0000000100000000)
  region size 1024K, 4 young (4096K), 4 survivors (4096K)
 Metaspace       used 132585K, capacity 136200K, committed 136320K, reserved 1167360K
  class space    used 16332K, capacity 17524K, committed 17536K, reserved 1048576K
}
Event: 842.458 GC heap before
{Heap before GC invocations=66 (full 0):
 garbage-first heap   total 212992K, used 184571K [0x0000000080000000, 0x0000000100000000)
  region size 1024K, 36 young (36864K), 4 survivors (4096K)
 Metaspace       used 134690K, capacity 138295K, committed 138368K, reserved 1169408K
  class space    used 16595K, capacity 17792K, committed 17792K, reserved 1048576K
}
Event: 842.465 GC heap after
{Heap after GC invocations=67 (full 0):
 garbage-first heap   total 212992K, used 155233K [0x0000000080000000, 0x0000000100000000)
  region size 1024K, 5 young (5120K), 5 survivors (5120K)
 Metaspace       used 134690K, capacity 138295K, committed 138368K, reserved 1169408K
  class space    used 16595K, capacity 17792K, committed 17792K, reserved 1048576K
}
Event: 842.913 GC heap before
{Heap before GC invocations=67 (full 0):
 garbage-first heap   total 212992K, used 184929K [0x0000000080000000, 0x0000000100000000)
  region size 1024K, 34 young (34816K), 5 survivors (5120K)
 Metaspace       used 136728K, capacity 140415K, committed 140544K, reserved 1171456K
  class space    used 16876K, capacity 18133K, committed 18176K, reserved 1048576K
}
Event: 842.923 GC heap after
{Heap after GC invocations=68 (full 0):
 garbage-first heap   total 212992K, used 157369K [0x0000000080000000, 0x0000000100000000)
  region size 1024K, 5 young (5120K), 5 survivors (5120K)
 Metaspace       used 136728K, capacity 140415K, committed 140544K, reserved 1171456K
  class space    used 16876K, capacity 18133K, committed 18176K, reserved 1048576K
}
Event: 843.432 GC heap before
{Heap before GC invocations=68 (full 0):
 garbage-first heap   total 212992K, used 182969K [0x0000000080000000, 0x0000000100000000)
  region size 1024K, 31 young (31744K), 5 survivors (5120K)
 Metaspace       used 139567K, capacity 143289K, committed 143360K, reserved 1173504K
  class space    used 17392K, capacity 18664K, committed 18688K, reserved 1048576K
}
Event: 843.441 GC heap after
{Heap after GC invocations=69 (full 0):
 garbage-first heap   total 212992K, used 159222K [0x0000000080000000, 0x0000000100000000)
  region size 1024K, 2 young (2048K), 2 survivors (2048K)
 Metaspace       used 139567K, capacity 143289K, committed 143360K, reserved 1173504K
  class space    used 17392K, capacity 18664K, committed 18688K, reserved 1048576K
}
Event: 843.888 GC heap before
{Heap before GC invocations=69 (full 0):
 garbage-first heap   total 212992K, used 185846K [0x0000000080000000, 0x0000000100000000)
  region size 1024K, 28 young (28672K), 2 survivors (2048K)
 Metaspace       used 140910K, capacity 144680K, committed 144896K, reserved 1175552K
  class space    used 17593K, capacity 18867K, committed 18944K, reserved 1048576K
}
Event: 843.895 GC heap after
{Heap after GC invocations=70 (full 0):
 garbage-first heap   total 212992K, used 160860K [0x0000000080000000, 0x0000000100000000)
  region size 1024K, 4 young (4096K), 4 survivors (4096K)
 Metaspace       used 140910K, capacity 144680K, committed 144896K, reserved 1175552K
  class space    used 17593K, capacity 18867K, committed 18944K, reserved 1048576K
}
Event: 844.316 GC heap before
{Heap before GC invocations=70 (full 0):
 garbage-first heap   total 212992K, used 185436K [0x0000000080000000, 0x0000000100000000)
  region size 1024K, 28 young (28672K), 4 survivors (4096K)
 Metaspace       used 143135K, capacity 146898K, committed 147072K, reserved 1177600K
  class space    used 17950K, capacity 19238K, committed 19328K, reserved 1048576K
}
Event: 844.324 GC heap after
{Heap after GC invocations=71 (full 0):
 garbage-first heap   total 212992K, used 161837K [0x0000000080000000, 0x0000000100000000)
  region size 1024K, 3 young (3072K), 3 survivors (3072K)
 Metaspace       used 143135K, capacity 146898K, committed 147072K, reserved 1177600K
  class space    used 17950K, capacity 19238K, committed 19328K, reserved 1048576K
}
Event: 844.826 GC heap before
{Heap before GC invocations=71 (full 0):
 garbage-first heap   total 212992K, used 186413K [0x0000000080000000, 0x0000000100000000)
  region size 1024K, 27 young (27648K), 3 survivors (3072K)
 Metaspace       used 144925K, capacity 148783K, committed 148992K, reserved 1179648K
  class space    used 18152K, capacity 19454K, committed 19456K, reserved 1048576K
}
Event: 844.835 GC heap after
{Heap after GC invocations=72 (full 0):
 garbage-first heap   total 212992K, used 163896K [0x0000000080000000, 0x0000000100000000)
  region size 1024K, 3 young (3072K), 3 survivors (3072K)
 Metaspace       used 144925K, capacity 148783K, committed 148992K, reserved 1179648K
  class space    used 18152K, capacity 19454K, committed 19456K, reserved 1048576K
}
Event: 846.218 GC heap before
{Heap before GC invocations=72 (full 0):
 garbage-first heap   total 212992K, used 185400K [0x0000000080000000, 0x0000000100000000)
  region size 1024K, 25 young (25600K), 3 survivors (3072K)
 Metaspace       used 146013K, capacity 149982K, committed 150144K, reserved 1179648K
  class space    used 18246K, capacity 19552K, committed 19584K, reserved 1048576K
}
Event: 846.227 GC heap after
{Heap after GC invocations=73 (full 0):
 garbage-first heap   total 212992K, used 164951K [0x0000000080000000, 0x0000000100000000)
  region size 1024K, 3 young (3072K), 3 survivors (3072K)
 Metaspace       used 146013K, capacity 149982K, committed 150144K, reserved 1179648K
  class space    used 18246K, capacity 19552K, committed 19584K, reserved 1048576K
}

