# JRE version: OpenJDK Runtime Environment (11.0.8+10) (build 11.0.8+10-b944.6842174)
# Java VM: OpenJDK 64-Bit Server VM (11.0.8+10-b944.6842174, mixed mode, tiered, compressed oops, g1 gc, windows-amd64)
Heap:
 garbage-first heap   total 273408K, used 181821K [0x0000000080000000, 0x0000000100000000)
  region size 1024K, 3 young (3072K), 3 survivors (3072K)
 Metaspace       used 120725K, capacity 123959K, committed 124364K, reserved 1157120K
  class space    used 14709K, capacity 15910K, committed 16076K, reserved 1048576K
GC Heap History (20 events):
Event: 362.224 GC heap after
{Heap after GC invocations=59 (full 0):
 garbage-first heap   total 227328K, used 110592K [0x0000000080000000, 0x0000000100000000)
  region size 1024K, 9 young (9216K), 9 survivors (9216K)
 Metaspace       used 106042K, capacity 108465K, committed 108620K, reserved 1144832K
  class space    used 12781K, capacity 13632K, committed 13644K, reserved 1048576K
}
Event: 362.489 GC heap before
{Heap before GC invocations=59 (full 0):
 garbage-first heap   total 227328K, used 112640K [0x0000000080000000, 0x0000000100000000)
  region size 1024K, 11 young (11264K), 9 survivors (9216K)
 Metaspace       used 106065K, capacity 108529K, committed 108620K, reserved 1144832K
  class space    used 12782K, capacity 13632K, committed 13644K, reserved 1048576K
}
Event: 362.507 GC heap after
{Heap after GC invocations=60 (full 0):
 garbage-first heap   total 227328K, used 95841K [0x0000000080000000, 0x0000000100000000)
  region size 1024K, 2 young (2048K), 2 survivors (2048K)
 Metaspace       used 106065K, capacity 108529K, committed 108620K, reserved 1144832K
  class space    used 12782K, capacity 13632K, committed 13644K, reserved 1048576K
}
Event: 365.114 GC heap before
{Heap before GC invocations=60 (full 0):
 garbage-first heap   total 227328K, used 179809K [0x0000000080000000, 0x0000000100000000)
  region size 1024K, 79 young (80896K), 2 survivors (2048K)
 Metaspace       used 111516K, capacity 114238K, committed 114380K, reserved 1148928K
  class space    used 13479K, capacity 14412K, committed 14540K, reserved 1048576K
}
Event: 365.133 GC heap after
{Heap after GC invocations=61 (full 0):
 garbage-first heap   total 227328K, used 107520K [0x0000000080000000, 0x0000000100000000)
  region size 1024K, 10 young (10240K), 10 survivors (10240K)
 Metaspace       used 111516K, capacity 114238K, committed 114380K, reserved 1148928K
  class space    used 13479K, capacity 14412K, committed 14540K, reserved 1048576K
}
Event: 366.574 GC heap before
{Heap before GC invocations=61 (full 0):
 garbage-first heap   total 227328K, used 178175K [0x0000000080000000, 0x0000000100000000)
  region size 1024K, 80 young (81920K), 10 survivors (10240K)
 Metaspace       used 117551K, capacity 120675K, committed 120780K, reserved 1155072K
  class space    used 14384K, capacity 15539K, committed 15564K, reserved 1048576K
}
Event: 366.612 GC heap after
{Heap after GC invocations=62 (full 0):
 garbage-first heap   total 227328K, used 120038K [0x0000000080000000, 0x0000000100000000)
  region size 1024K, 10 young (10240K), 10 survivors (10240K)
 Metaspace       used 117551K, capacity 120675K, committed 120780K, reserved 1155072K
  class space    used 14384K, capacity 15539K, committed 15564K, reserved 1048576K
}
Event: 367.811 GC heap before
{Heap before GC invocations=62 (full 0):
 garbage-first heap   total 227328K, used 162022K [0x0000000080000000, 0x0000000100000000)
  region size 1024K, 52 young (53248K), 10 survivors (10240K)
 Metaspace       used 119650K, capacity 122906K, committed 123084K, reserved 1157120K
  class space    used 14575K, capacity 15785K, committed 15820K, reserved 1048576K
}
Event: 367.830 GC heap after
{Heap after GC invocations=63 (full 0):
 garbage-first heap   total 227328K, used 119115K [0x0000000080000000, 0x0000000100000000)
  region size 1024K, 2 young (2048K), 2 survivors (2048K)
 Metaspace       used 119650K, capacity 122906K, committed 123084K, reserved 1157120K
  class space    used 14575K, capacity 15785K, committed 15820K, reserved 1048576K
}
Event: 369.086 GC heap before
{Heap before GC invocations=64 (full 0):
 garbage-first heap   total 227328K, used 196939K [0x0000000080000000, 0x0000000100000000)
  region size 1024K, 57 young (58368K), 2 survivors (2048K)
 Metaspace       used 120550K, capacity 123802K, committed 124108K, reserved 1157120K
  class space    used 14702K, capacity 15905K, committed 16076K, reserved 1048576K
}
Event: 369.142 GC heap after
{Heap after GC invocations=65 (full 0):
 garbage-first heap   total 227328K, used 158583K [0x0000000080000000, 0x0000000100000000)
  region size 1024K, 8 young (8192K), 8 survivors (8192K)
 Metaspace       used 120550K, capacity 123802K, committed 124108K, reserved 1157120K
  class space    used 14702K, capacity 15905K, committed 16076K, reserved 1048576K
}
Event: 369.181 GC heap before
{Heap before GC invocations=65 (full 0):
 garbage-first heap   total 227328K, used 161655K [0x0000000080000000, 0x0000000100000000)
  region size 1024K, 11 young (11264K), 8 survivors (8192K)
 Metaspace       used 120550K, capacity 123802K, committed 124108K, reserved 1157120K
  class space    used 14702K, capacity 15905K, committed 16076K, reserved 1048576K
}
Event: 369.233 GC heap after
{Heap after GC invocations=66 (full 0):
 garbage-first heap   total 227328K, used 145408K [0x0000000080000000, 0x0000000100000000)
  region size 1024K, 2 young (2048K), 2 survivors (2048K)
 Metaspace       used 120550K, capacity 123802K, committed 124108K, reserved 1157120K
  class space    used 14702K, capacity 15905K, committed 16076K, reserved 1048576K
}
Event: 369.804 GC heap before
{Heap before GC invocations=66 (full 0):
 garbage-first heap   total 227328K, used 179200K [0x0000000080000000, 0x0000000100000000)
  region size 1024K, 36 young (36864K), 2 survivors (2048K)
 Metaspace       used 120575K, capacity 123803K, committed 124108K, reserved 1157120K
  class space    used 14702K, capacity 15905K, committed 16076K, reserved 1048576K
}
Event: 369.841 GC heap after
{Heap after GC invocations=67 (full 0):
 garbage-first heap   total 227328K, used 165888K [0x0000000080000000, 0x0000000100000000)
  region size 1024K, 5 young (5120K), 5 survivors (5120K)
 Metaspace       used 120575K, capacity 123803K, committed 124108K, reserved 1157120K
  class space    used 14702K, capacity 15905K, committed 16076K, reserved 1048576K
}
Event: 370.149 GC heap before
{Heap before GC invocations=67 (full 0):
 garbage-first heap   total 227328K, used 185344K [0x0000000080000000, 0x0000000100000000)
  region size 1024K, 23 young (23552K), 5 survivors (5120K)
 Metaspace       used 120673K, capacity 123957K, committed 124364K, reserved 1157120K
  class space    used 14709K, capacity 15910K, committed 16076K, reserved 1048576K
}
Event: 370.174 GC heap after
{Heap after GC invocations=68 (full 0):
 garbage-first heap   total 227328K, used 171520K [0x0000000080000000, 0x0000000100000000)
  region size 1024K, 3 young (3072K), 3 survivors (3072K)
 Metaspace       used 120673K, capacity 123957K, committed 124364K, reserved 1157120K
  class space    used 14709K, capacity 15910K, committed 16076K, reserved 1048576K
}
Event: 370.452 GC heap before
{Heap before GC invocations=68 (full 0):
 garbage-first heap   total 227328K, used 186880K [0x0000000080000000, 0x0000000100000000)
  region size 1024K, 19 young (19456K), 3 survivors (3072K)
 Metaspace       used 120716K, capacity 123959K, committed 124364K, reserved 1157120K
  class space    used 14709K, capacity 15910K, committed 16076K, reserved 1048576K
}
Event: 370.473 GC heap after
{Heap after GC invocations=69 (full 0):
 garbage-first heap   total 227328K, used 177007K [0x0000000080000000, 0x0000000100000000)
  region size 1024K, 3 young (3072K), 3 survivors (3072K)
 Metaspace       used 120716K, capacity 123959K, committed 124364K, reserved 1157120K
  class space    used 14709K, capacity 15910K, committed 16076K, reserved 1048576K
}
Event: 370.964 GC heap before
{Heap before GC invocations=69 (full 0):
 garbage-first heap   total 227328K, used 190319K [0x0000000080000000, 0x0000000100000000)
  region size 1024K, 17 young (17408K), 3 survivors (3072K)
 Metaspace       used 120725K, capacity 123959K, committed 124364K, reserved 1157120K
  class space    used 14709K, capacity 15910K, committed 16076K, reserved 1048576K
}

